C:\Users\HET_DSKTP\source\repos\Matrix\Matrix\MatrixApp\dist\out-tsc\e2e\app.po.js
C:\Users\HET_DSKTP\source\repos\Matrix\Matrix\MatrixApp\dist\out-tsc\e2e\app.po.js.map
C:\Users\HET_DSKTP\source\repos\Matrix\Matrix\MatrixApp\dist\out-tsc\e2e\app.e2e-spec.js
C:\Users\HET_DSKTP\source\repos\Matrix\Matrix\MatrixApp\dist\out-tsc\e2e\app.e2e-spec.js.map
C:\Users\HET_DSKTP\source\repos\Matrix\Matrix\MatrixApp\dist\out-tsc\src\app\app-routing.module.js
C:\Users\HET_DSKTP\source\repos\Matrix\Matrix\MatrixApp\dist\out-tsc\src\app\app-routing.module.js.map
C:\Users\HET_DSKTP\source\repos\Matrix\Matrix\MatrixApp\dist\out-tsc\src\app\app.component.js
C:\Users\HET_DSKTP\source\repos\Matrix\Matrix\MatrixApp\dist\out-tsc\src\app\app.component.js.map
C:\Users\HET_DSKTP\source\repos\Matrix\Matrix\MatrixApp\dist\out-tsc\src\app\models\user.js
C:\Users\HET_DSKTP\source\repos\Matrix\Matrix\MatrixApp\dist\out-tsc\src\app\models\user.js.map
C:\Users\HET_DSKTP\source\repos\Matrix\Matrix\MatrixApp\dist\out-tsc\src\app\models\authUser.js
C:\Users\HET_DSKTP\source\repos\Matrix\Matrix\MatrixApp\dist\out-tsc\src\app\models\authUser.js.map
C:\Users\HET_DSKTP\source\repos\Matrix\Matrix\MatrixApp\dist\out-tsc\src\environments\environment.js
C:\Users\HET_DSKTP\source\repos\Matrix\Matrix\MatrixApp\dist\out-tsc\src\environments\environment.js.map
C:\Users\HET_DSKTP\source\repos\Matrix\Matrix\MatrixApp\dist\out-tsc\src\app\services\auth.service.js
C:\Users\HET_DSKTP\source\repos\Matrix\Matrix\MatrixApp\dist\out-tsc\src\app\services\auth.service.js.map
C:\Users\HET_DSKTP\source\repos\Matrix\Matrix\MatrixApp\dist\out-tsc\src\app\nav\nav.component.js
C:\Users\HET_DSKTP\source\repos\Matrix\Matrix\MatrixApp\dist\out-tsc\src\app\nav\nav.component.js.map
C:\Users\HET_DSKTP\source\repos\Matrix\Matrix\MatrixApp\dist\out-tsc\src\app\home\home.component.js
C:\Users\HET_DSKTP\source\repos\Matrix\Matrix\MatrixApp\dist\out-tsc\src\app\home\home.component.js.map
C:\Users\HET_DSKTP\source\repos\Matrix\Matrix\MatrixApp\dist\out-tsc\src\app\register\register.component.js
C:\Users\HET_DSKTP\source\repos\Matrix\Matrix\MatrixApp\dist\out-tsc\src\app\register\register.component.js.map
C:\Users\HET_DSKTP\source\repos\Matrix\Matrix\MatrixApp\dist\out-tsc\src\app\app.module.js
C:\Users\HET_DSKTP\source\repos\Matrix\Matrix\MatrixApp\dist\out-tsc\src\app\app.module.js.map
C:\Users\HET_DSKTP\source\repos\Matrix\Matrix\MatrixApp\dist\out-tsc\src\main.js
C:\Users\HET_DSKTP\source\repos\Matrix\Matrix\MatrixApp\dist\out-tsc\src\main.js.map
C:\Users\HET_DSKTP\source\repos\Matrix\Matrix\MatrixApp\dist\out-tsc\src\polyfills.js
C:\Users\HET_DSKTP\source\repos\Matrix\Matrix\MatrixApp\dist\out-tsc\src\polyfills.js.map
C:\Users\HET_DSKTP\source\repos\Matrix\Matrix\MatrixApp\dist\out-tsc\src\test.js
C:\Users\HET_DSKTP\source\repos\Matrix\Matrix\MatrixApp\dist\out-tsc\src\test.js.map
C:\Users\HET_DSKTP\source\repos\Matrix\Matrix\MatrixApp\dist\out-tsc\src\app\app.component.spec.js
C:\Users\HET_DSKTP\source\repos\Matrix\Matrix\MatrixApp\dist\out-tsc\src\app\app.component.spec.js.map
C:\Users\HET_DSKTP\source\repos\Matrix\Matrix\MatrixApp\dist\out-tsc\src\environments\environment.prod.js
C:\Users\HET_DSKTP\source\repos\Matrix\Matrix\MatrixApp\dist\out-tsc\src\environments\environment.prod.js.map
C:\Users\HET_DSKTP\source\repos\Matrix\Matrix\MatrixApp\dist\out-tsc\src\app\services\auth.service.spec.js
C:\Users\HET_DSKTP\source\repos\Matrix\Matrix\MatrixApp\dist\out-tsc\src\app\services\auth.service.spec.js.map
